1783352729.2321081 [INFO] [launch]: All log files can be found below /home/robohub/.ros/log/2026-07-06-11-45-29-231336-labwork4-339
1783352729.2322273 [INFO] [launch]: Default logging verbosity is set to INFO
1783352730.1428003 [INFO] [rviz2-1]: process started with pid [346]
1783352730.1429725 [INFO] [robot_state_publisher-2]: process started with pid [348]
1783352730.1430600 [INFO] [move_group-3]: process started with pid [350]
1783352730.1431320 [INFO] [ros2_control_node-4]: process started with pid [352]
1783352730.1431992 [INFO] [joint_state_publisher-5]: process started with pid [354]
1783352730.1432619 [INFO] [spawner-6]: process started with pid [356]
1783352730.1433249 [INFO] [franka_gripper_node-7]: process started with pid [362]
1783352730.1433856 [INFO] [ros2 run controller_manager spawner panda_arm_controller-8]: process started with pid [366]
1783352730.1434467 [INFO] [ros2 run controller_manager spawner joint_state_broadcaster-9]: process started with pid [384]
1783352730.1538827 [robot_state_publisher-2] [INFO] [1783352730.153593729] [robot_state_publisher]: got segment panda_hand
1783352730.1565497 [robot_state_publisher-2] [INFO] [1783352730.155874068] [robot_state_publisher]: got segment panda_hand_tcp
1783352730.1567090 [robot_state_publisher-2] [INFO] [1783352730.155895247] [robot_state_publisher]: got segment panda_leftfinger
1783352730.1568129 [robot_state_publisher-2] [INFO] [1783352730.155901173] [robot_state_publisher]: got segment panda_link0
1783352730.1569538 [robot_state_publisher-2] [INFO] [1783352730.155905986] [robot_state_publisher]: got segment panda_link1
1783352730.1570857 [robot_state_publisher-2] [INFO] [1783352730.155910562] [robot_state_publisher]: got segment panda_link2
1783352730.1598580 [robot_state_publisher-2] [INFO] [1783352730.155915179] [robot_state_publisher]: got segment panda_link3
1783352730.1600428 [robot_state_publisher-2] [INFO] [1783352730.155919803] [robot_state_publisher]: got segment panda_link4
1783352730.1601760 [robot_state_publisher-2] [INFO] [1783352730.155924289] [robot_state_publisher]: got segment panda_link5
1783352730.1603863 [robot_state_publisher-2] [INFO] [1783352730.155928816] [robot_state_publisher]: got segment panda_link6
1783352730.1604965 [robot_state_publisher-2] [INFO] [1783352730.155933565] [robot_state_publisher]: got segment panda_link7
1783352730.1606984 [robot_state_publisher-2] [INFO] [1783352730.155938010] [robot_state_publisher]: got segment panda_link8
1783352730.1608114 [robot_state_publisher-2] [INFO] [1783352730.155942471] [robot_state_publisher]: got segment panda_rightfinger
1783352730.1747234 [rviz2-1] QStandardPaths: XDG_RUNTIME_DIR not set, defaulting to '/tmp/runtime-robohub'
1783352730.1840048 [franka_gripper_node-7] [INFO] [1783352730.183719173] [panda_gripper]: Trying to establish a connection with the gripper
1783352730.1872466 [franka_gripper_node-7] [INFO] [1783352730.186867537] [panda_gripper]: Connected to gripper
1783352730.3207211 [rviz2-1] libGL error: glx: failed to create dri3 screen
1783352730.3208480 [rviz2-1] libGL error: failed to load driver: nouveau
1783352730.3643117 [rviz2-1] libGL error: glx: failed to create dri3 screen
1783352730.3645606 [rviz2-1] libGL error: failed to load driver: nouveau
1783352730.4853718 [rviz2-1] [INFO] [1783352730.485149050] [rviz2]: Stereo is NOT SUPPORTED
1783352730.4858742 [rviz2-1] [INFO] [1783352730.485747823] [rviz2]: OpenGl version: 4.5 (GLSL 4.5)
1783352730.5058007 [rviz2-1] [INFO] [1783352730.505589593] [rviz2]: Stereo is NOT SUPPORTED
1783352730.5904913 [joint_state_publisher-5] [INFO] [1783352730.590255627] [joint_state_publisher]: Waiting for robot_description to be published on the robot_description topic...
1783352730.6081369 [rviz2-1] Warning: class_loader.impl: SEVERE WARNING!!! A namespace collision has occurred with plugin factory for class rviz_default_plugins::displays::InteractiveMarkerDisplay. New factory will OVERWRITE existing one. This situation occurs when libraries containing plugins are directly linked against an executable (the one running right now generating this message). Please separate plugins out into their own library or just don't link against the library and use either class_loader::ClassLoader/MultiLibraryClassLoader to open.
1783352730.6082642 [rviz2-1]          at line 253 in /opt/ros/humble/include/class_loader/class_loader/class_loader_core.hpp
1783352730.6478631 [rviz2-1] [INFO] [1783352730.647462885] [moveit_rdf_loader.rdf_loader]: Loaded robot model in 0.00439486 seconds
1783352730.6496139 [rviz2-1] [INFO] [1783352730.648509282] [moveit_robot_model.robot_model]: Loading robot model 'panda'...
1783352730.6510658 [rviz2-1] [WARN] [1783352730.648629703] [moveit_robot_model.robot_model]: Link panda_leftfinger has visual geometry but no collision geometry. Collision geometry will be left empty. Fix your URDF file by explicitly specifying collision geometry.
1783352730.6517608 [rviz2-1] [WARN] [1783352730.648639879] [moveit_robot_model.robot_model]: Link panda_rightfinger has visual geometry but no collision geometry. Collision geometry will be left empty. Fix your URDF file by explicitly specifying collision geometry.
1783352730.9478853 [ERROR] [ros2_control_node-4]: process has died [pid 352, exit code -6, cmd '/opt/ros/humble/lib/controller_manager/ros2_control_node --ros-args --params-file /tmp/launch_params_kfahx6x3 --params-file /home/robohub/ws/install/franka_moveit_config/share/franka_moveit_config/config/panda_ros_controllers.yaml -r joint_states:=franka/joint_states'].
1783352730.9481797 [INFO] [launch]: process[ros2_control_node-4] was required: shutting down launched system
1783352730.9514201 [INFO] [ros2 run controller_manager spawner joint_state_broadcaster-9]: sending signal 'SIGINT' to process[ros2 run controller_manager spawner joint_state_broadcaster-9]
1783352730.9523776 [INFO] [ros2 run controller_manager spawner panda_arm_controller-8]: sending signal 'SIGINT' to process[ros2 run controller_manager spawner panda_arm_controller-8]
1783352730.9531183 [INFO] [franka_gripper_node-7]: sending signal 'SIGINT' to process[franka_gripper_node-7]
1783352730.9540191 [INFO] [spawner-6]: sending signal 'SIGINT' to process[spawner-6]
1783352730.9547439 [INFO] [joint_state_publisher-5]: sending signal 'SIGINT' to process[joint_state_publisher-5]
1783352730.9555161 [INFO] [move_group-3]: sending signal 'SIGINT' to process[move_group-3]
1783352730.9562953 [INFO] [robot_state_publisher-2]: sending signal 'SIGINT' to process[robot_state_publisher-2]
1783352730.9571891 [INFO] [rviz2-1]: sending signal 'SIGINT' to process[rviz2-1]
1783352730.9575036 [franka_gripper_node-7] [INFO] [1783352730.953479204] [rclcpp]: signal_handler(SIGINT/SIGTERM)
1783352730.9578733 [robot_state_publisher-2] [INFO] [1783352730.956550520] [rclcpp]: signal_handler(SIGINT/SIGTERM)
1783352730.9580438 [rviz2-1] [INFO] [1783352730.957341246] [rclcpp]: signal_handler(SIGINT/SIGTERM)
1783352730.9582078 [rviz2-1] [ERROR] [1783352730.957494114] [moveit_ros_visualization.motion_planning_frame]: Action server: /recognize_objects not available
1783352730.9623697 [rviz2-1] 
1783352730.9625010 [rviz2-1] >>> [rcutils|error_handling.c:108] rcutils_set_error_state()
1783352730.9625659 [rviz2-1] This error state is being overwritten:
1783352730.9626215 [rviz2-1] 
1783352730.9626729 [rviz2-1]   'rcl node's context is invalid, at ./src/rcl/node.c:428'
1783352730.9627178 [rviz2-1] 
1783352730.9627945 [rviz2-1] with this new error message:
1783352730.9628720 [rviz2-1] 
1783352730.9629238 [rviz2-1]   'the given context is not valid, either rcl_init() was not called or rcl_shutdown() was called., at ./src/rcl/guard_condition.c:67'
1783352730.9629703 [rviz2-1] 
1783352730.9630146 [rviz2-1] rcutils_reset_error() should be called after error handling to avoid this.
1783352730.9630699 [rviz2-1] <<<
1783352730.9633961 [rviz2-1] [ERROR] [1783352730.962232438] [rviz2]: Could not load display config: failed to create guard condition: the given context is not valid, either rcl_init() was not called or rcl_shutdown() was called., at ./src/rcl/guard_condition.c:67
1783352731.0026696 [ERROR] [rviz2-1]: process has died [pid 346, exit code -11, cmd '/opt/ros/humble/lib/rviz2/rviz2 -d /home/robohub/ws/install/franka_moveit_config/share/franka_moveit_config/rviz/moveit.rviz --ros-args -r __node:=rviz2 --params-file /tmp/launch_params_uky2i8hy --params-file /tmp/launch_params_zlvd_rue --params-file /tmp/launch_params_ueyfehiy --params-file /tmp/launch_params_dtkqqxn2'].
1783352731.0200834 [ERROR] [move_group-3]: process has died [pid 350, exit code -11, cmd '/opt/ros/humble/lib/moveit_ros_move_group/move_group --ros-args --params-file /tmp/launch_params_mimies7y --params-file /tmp/launch_params_rzl31nd4 --params-file /tmp/launch_params_ktkow96f --params-file /tmp/launch_params_duhe8l_d --params-file /tmp/launch_params_l9_eokcp --params-file /tmp/launch_params_2v0fuzhk --params-file /tmp/launch_params_vxa2sfrs'].
1783352731.0263298 [ERROR] [ros2 run controller_manager spawner panda_arm_controller-8]: process has died [pid 366, exit code -2, cmd 'ros2 run controller_manager spawner panda_arm_controller'].
1783352731.0695767 [INFO] [robot_state_publisher-2]: process has finished cleanly [pid 348]
1783352731.0961115 [INFO] [joint_state_publisher-5]: process has finished cleanly [pid 354]
1783352731.1233959 [INFO] [franka_gripper_node-7]: process has finished cleanly [pid 362]
1783352735.9559047 [ERROR] [ros2 run controller_manager spawner joint_state_broadcaster-9]: process[ros2 run controller_manager spawner joint_state_broadcaster-9] failed to terminate '5' seconds after receiving 'SIGINT', escalating to 'SIGTERM'
1783352735.9563148 [ERROR] [spawner-6]: process[spawner-6] failed to terminate '5' seconds after receiving 'SIGINT', escalating to 'SIGTERM'
1783352735.9565954 [INFO] [ros2 run controller_manager spawner joint_state_broadcaster-9]: sending signal 'SIGTERM' to process[ros2 run controller_manager spawner joint_state_broadcaster-9]
1783352735.9574983 [INFO] [spawner-6]: sending signal 'SIGTERM' to process[spawner-6]
1783352735.9581647 [ERROR] [ros2 run controller_manager spawner joint_state_broadcaster-9]: process has died [pid 384, exit code -15, cmd 'ros2 run controller_manager spawner joint_state_broadcaster'].
1783352735.9610338 [ERROR] [spawner-6]: process has died [pid 356, exit code -15, cmd '/opt/ros/humble/lib/controller_manager/spawner franka_robot_state_broadcaster --ros-args'].
