[WARN] [1783352697.628874899] [move_group.move_group]: Falling back to using the the move_group node namespace (deprecated behavior).
[INFO] [1783352697.631520774] [moveit_rdf_loader.rdf_loader]: Loaded robot model in 0.00250833 seconds
[INFO] [1783352697.631549279] [moveit_robot_model.robot_model]: Loading robot model 'panda'...
[WARN] [1783352697.631615292] [moveit_robot_model.robot_model]: Link panda_leftfinger has visual geometry but no collision geometry. Collision geometry will be left empty. Fix your URDF file by explicitly specifying collision geometry.
[WARN] [1783352697.631624325] [moveit_robot_model.robot_model]: Link panda_rightfinger has visual geometry but no collision geometry. Collision geometry will be left empty. Fix your URDF file by explicitly specifying collision geometry.
[INFO] [1783352697.662325383] [moveit_ros.planning_scene_monitor.planning_scene_monitor]: Publishing maintained planning scene on 'monitored_planning_scene'
[INFO] [1783352697.662454521] [moveit.ros_planning_interface.moveit_cpp]: Listening to 'joint_states' for joint states
[INFO] [1783352697.663159513] [moveit_ros.current_state_monitor]: Listening to joint states on topic 'joint_states'
[INFO] [1783352697.663685903] [moveit_ros.planning_scene_monitor.planning_scene_monitor]: Listening to '/attached_collision_object' for attached collision objects
[INFO] [1783352697.663699694] [moveit_ros.planning_scene_monitor.planning_scene_monitor]: Starting planning scene monitor
[INFO] [1783352697.664125755] [moveit_ros.planning_scene_monitor.planning_scene_monitor]: Listening to '/planning_scene'
[INFO] [1783352697.664144516] [moveit_ros.planning_scene_monitor.planning_scene_monitor]: Starting world geometry update monitor for collision objects, attached objects, octomap updates.
[INFO] [1783352697.664612503] [moveit_ros.planning_scene_monitor.planning_scene_monitor]: Listening to 'collision_object'
[INFO] [1783352697.665036590] [moveit_ros.planning_scene_monitor.planning_scene_monitor]: Listening to 'planning_scene_world' for planning scene world geometry
[WARN] [1783352697.665295251] [moveit.ros.occupancy_map_monitor.middleware_handle]: Resolution not specified for Octomap. Assuming resolution = 0.1 instead
[ERROR] [1783352697.665306020] [moveit.ros.occupancy_map_monitor.middleware_handle]: No 3D sensor plugin(s) defined for octomap updates
[INFO] [1783352697.666430824] [moveit.ros_planning_interface.moveit_cpp]: Loading planning pipeline 'move_group'
[INFO] [1783352697.678098675] [moveit.ros_planning.planning_pipeline]: Using planning interface 'OMPL'
[INFO] [1783352697.680263075] [moveit_ros.add_time_optimal_parameterization]: Param 'move_group.path_tolerance' was not set. Using default value: 0.100000
[INFO] [1783352697.680281734] [moveit_ros.add_time_optimal_parameterization]: Param 'move_group.resample_dt' was not set. Using default value: 0.100000
[INFO] [1783352697.680286792] [moveit_ros.add_time_optimal_parameterization]: Param 'move_group.min_angle_change' was not set. Using default value: 0.001000
[INFO] [1783352697.680303954] [moveit_ros.fix_workspace_bounds]: Param 'move_group.default_workspace_bounds' was not set. Using default value: 10.000000
[INFO] [1783352697.680317135] [moveit_ros.fix_start_state_bounds]: Param 'move_group.start_state_max_bounds_error' was set to 0.100000
[INFO] [1783352697.680322020] [moveit_ros.fix_start_state_bounds]: Param 'move_group.start_state_max_dt' was not set. Using default value: 0.500000
[INFO] [1783352697.680331668] [moveit_ros.fix_start_state_collision]: Param 'move_group.start_state_max_dt' was not set. Using default value: 0.500000
[INFO] [1783352697.680336068] [moveit_ros.fix_start_state_collision]: Param 'move_group.jiggle_fraction' was not set. Using default value: 0.020000
[INFO] [1783352697.680340567] [moveit_ros.fix_start_state_collision]: Param 'move_group.max_sampling_attempts' was not set. Using default value: 100
[INFO] [1783352697.680350092] [moveit.ros_planning.planning_pipeline]: Using planning request adapter 'Add Time Optimal Parameterization'
[INFO] [1783352697.680354015] [moveit.ros_planning.planning_pipeline]: Using planning request adapter 'Resolve constraint frames to robot links'
[INFO] [1783352697.680357286] [moveit.ros_planning.planning_pipeline]: Using planning request adapter 'Fix Workspace Bounds'
[INFO] [1783352697.680360755] [moveit.ros_planning.planning_pipeline]: Using planning request adapter 'Fix Start State Bounds'
[INFO] [1783352697.680363911] [moveit.ros_planning.planning_pipeline]: Using planning request adapter 'Fix Start State In Collision'
[INFO] [1783352697.680367023] [moveit.ros_planning.planning_pipeline]: Using planning request adapter 'Fix Start State Path Constraints'
[INFO] [1783352697.715133692] [moveit.plugins.moveit_simple_controller_manager]: Added FollowJointTrajectory controller for panda_arm_controller
[INFO] [1783352697.715166713] [moveit.plugins.moveit_simple_controller_manager]: Max effort set to 0.0
[INFO] [1783352697.718845193] [moveit.plugins.moveit_simple_controller_manager]: Added GripperCommand controller for panda_gripper
[INFO] [1783352697.718983498] [moveit.plugins.moveit_simple_controller_manager]: Returned 2 controllers in list
[INFO] [1783352697.719001761] [moveit.plugins.moveit_simple_controller_manager]: Returned 2 controllers in list
[INFO] [1783352697.719453913] [moveit_ros.trajectory_execution_manager]: Trajectory execution is managing controllers
[INFO] [1783352697.719466288] [move_group.move_group]: MoveGroup debug mode is ON
[INFO] [1783352697.742811518] [move_group.move_group]: 

********************************************************
* MoveGroup using: 
*     - ApplyPlanningSceneService
*     - ClearOctomapService
*     - CartesianPathService
*     - ExecuteTrajectoryAction
*     - GetPlanningSceneService
*     - KinematicsService
*     - MoveAction
*     - MotionPlanService
*     - QueryPlannersService
*     - StateValidationService
********************************************************

[INFO] [1783352697.742842087] [moveit_move_group_capabilities_base.move_group_context]: MoveGroup context using planning plugin ompl_interface/OMPLPlanner
[INFO] [1783352697.742850189] [moveit_move_group_capabilities_base.move_group_context]: MoveGroup context initialization complete
[INFO] [1783352698.490123396] [rclcpp]: signal_handler(SIGINT/SIGTERM)
