[WARN] [1783352730.176225865] [move_group.move_group]: Falling back to using the the move_group node namespace (deprecated behavior).
[INFO] [1783352730.179516905] [moveit_rdf_loader.rdf_loader]: Loaded robot model in 0.00314825 seconds
[INFO] [1783352730.179546667] [moveit_robot_model.robot_model]: Loading robot model 'panda'...
[WARN] [1783352730.179862424] [moveit_robot_model.robot_model]: Link panda_leftfinger has visual geometry but no collision geometry. Collision geometry will be left empty. Fix your URDF file by explicitly specifying collision geometry.
[WARN] [1783352730.179877110] [moveit_robot_model.robot_model]: Link panda_rightfinger has visual geometry but no collision geometry. Collision geometry will be left empty. Fix your URDF file by explicitly specifying collision geometry.
[INFO] [1783352730.216539702] [moveit_ros.planning_scene_monitor.planning_scene_monitor]: Publishing maintained planning scene on 'monitored_planning_scene'
[INFO] [1783352730.216665042] [moveit.ros_planning_interface.moveit_cpp]: Listening to 'joint_states' for joint states
[INFO] [1783352730.217253562] [moveit_ros.current_state_monitor]: Listening to joint states on topic 'joint_states'
[INFO] [1783352730.217612297] [moveit_ros.planning_scene_monitor.planning_scene_monitor]: Listening to '/attached_collision_object' for attached collision objects
[INFO] [1783352730.217625127] [moveit_ros.planning_scene_monitor.planning_scene_monitor]: Starting planning scene monitor
[INFO] [1783352730.217882400] [moveit_ros.planning_scene_monitor.planning_scene_monitor]: Listening to '/planning_scene'
[INFO] [1783352730.217892841] [moveit_ros.planning_scene_monitor.planning_scene_monitor]: Starting world geometry update monitor for collision objects, attached objects, octomap updates.
[INFO] [1783352730.218160953] [moveit_ros.planning_scene_monitor.planning_scene_monitor]: Listening to 'collision_object'
[INFO] [1783352730.218440460] [moveit_ros.planning_scene_monitor.planning_scene_monitor]: Listening to 'planning_scene_world' for planning scene world geometry
[WARN] [1783352730.218623621] [moveit.ros.occupancy_map_monitor.middleware_handle]: Resolution not specified for Octomap. Assuming resolution = 0.1 instead
[ERROR] [1783352730.218633269] [moveit.ros.occupancy_map_monitor.middleware_handle]: No 3D sensor plugin(s) defined for octomap updates
[INFO] [1783352730.219473460] [moveit.ros_planning_interface.moveit_cpp]: Loading planning pipeline 'move_group'
[INFO] [1783352730.230837345] [moveit.ros_planning.planning_pipeline]: Using planning interface 'OMPL'
[INFO] [1783352730.232929698] [moveit_ros.add_time_optimal_parameterization]: Param 'move_group.path_tolerance' was not set. Using default value: 0.100000
[INFO] [1783352730.232949590] [moveit_ros.add_time_optimal_parameterization]: Param 'move_group.resample_dt' was not set. Using default value: 0.100000
[INFO] [1783352730.232954271] [moveit_ros.add_time_optimal_parameterization]: Param 'move_group.min_angle_change' was not set. Using default value: 0.001000
[INFO] [1783352730.232972277] [moveit_ros.fix_workspace_bounds]: Param 'move_group.default_workspace_bounds' was not set. Using default value: 10.000000
[INFO] [1783352730.232984727] [moveit_ros.fix_start_state_bounds]: Param 'move_group.start_state_max_bounds_error' was set to 0.100000
[INFO] [1783352730.232989796] [moveit_ros.fix_start_state_bounds]: Param 'move_group.start_state_max_dt' was not set. Using default value: 0.500000
[INFO] [1783352730.232999470] [moveit_ros.fix_start_state_collision]: Param 'move_group.start_state_max_dt' was not set. Using default value: 0.500000
[INFO] [1783352730.233004135] [moveit_ros.fix_start_state_collision]: Param 'move_group.jiggle_fraction' was not set. Using default value: 0.020000
[INFO] [1783352730.233008929] [moveit_ros.fix_start_state_collision]: Param 'move_group.max_sampling_attempts' was not set. Using default value: 100
[INFO] [1783352730.233018556] [moveit.ros_planning.planning_pipeline]: Using planning request adapter 'Add Time Optimal Parameterization'
[INFO] [1783352730.233022601] [moveit.ros_planning.planning_pipeline]: Using planning request adapter 'Resolve constraint frames to robot links'
[INFO] [1783352730.233026026] [moveit.ros_planning.planning_pipeline]: Using planning request adapter 'Fix Workspace Bounds'
[INFO] [1783352730.233029360] [moveit.ros_planning.planning_pipeline]: Using planning request adapter 'Fix Start State Bounds'
[INFO] [1783352730.233032480] [moveit.ros_planning.planning_pipeline]: Using planning request adapter 'Fix Start State In Collision'
[INFO] [1783352730.233035597] [moveit.ros_planning.planning_pipeline]: Using planning request adapter 'Fix Start State Path Constraints'
[INFO] [1783352730.270509313] [moveit.plugins.moveit_simple_controller_manager]: Added FollowJointTrajectory controller for panda_arm_controller
[INFO] [1783352730.270544374] [moveit.plugins.moveit_simple_controller_manager]: Max effort set to 0.0
[INFO] [1783352730.272091029] [moveit.plugins.moveit_simple_controller_manager]: Added GripperCommand controller for panda_gripper
[INFO] [1783352730.272231776] [moveit.plugins.moveit_simple_controller_manager]: Returned 2 controllers in list
[INFO] [1783352730.272249446] [moveit.plugins.moveit_simple_controller_manager]: Returned 2 controllers in list
[INFO] [1783352730.274148923] [moveit_ros.trajectory_execution_manager]: Trajectory execution is managing controllers
[INFO] [1783352730.274189966] [move_group.move_group]: MoveGroup debug mode is ON
[INFO] [1783352730.299505346] [move_group.move_group]: 

********************************************************
* MoveGroup using: 
*     - ApplyPlanningSceneService
*     - ClearOctomapService
*     - CartesianPathService
*     - ExecuteTrajectoryAction
*     - GetPlanningSceneService
*     - KinematicsService
*     - MoveAction
*     - MotionPlanService
*     - QueryPlannersService
*     - StateValidationService
********************************************************

[INFO] [1783352730.299552816] [moveit_move_group_capabilities_base.move_group_context]: MoveGroup context using planning plugin ompl_interface/OMPLPlanner
[INFO] [1783352730.299560787] [moveit_move_group_capabilities_base.move_group_context]: MoveGroup context initialization complete
[INFO] [1783352730.955940912] [rclcpp]: signal_handler(SIGINT/SIGTERM)
