[WARN] [1783352751.101111882] [controller_manager]: [Deprecated] Passing the robot description parameter directly to the control_manager node is deprecated. Use '~/robot_description' topic from 'robot_state_publisher' instead.
[INFO] [1783352751.101356519] [resource_manager]: Loading hardware 'FrankaHardwareInterface' 
[INFO] [1783352751.106453722] [resource_manager]: Initialize hardware 'FrankaHardwareInterface' 
[INFO] [1783352751.108940954] [FrankaHardwareInterface]: Connecting to robot at "franka2" ...
[INFO] [1783352751.120247660] [FrankaHardwareInterface]: Successfully connected to robot
[INFO] [1783352751.120275651] [resource_manager]: Successful initialization of hardware 'FrankaHardwareInterface'
[INFO] [1783352751.120334140] [resource_manager]: 'configure' hardware 'FrankaHardwareInterface' 
[INFO] [1783352751.120342659] [resource_manager]: Successful 'configure' of hardware 'FrankaHardwareInterface'
[INFO] [1783352751.120351330] [resource_manager]: 'activate' hardware 'FrankaHardwareInterface' 
[INFO] [1783352751.120398189] [FrankaHardwareInterface]: Started
[INFO] [1783352751.120405521] [resource_manager]: Successful 'activate' of hardware 'FrankaHardwareInterface'
[WARN] [1783352751.139445325] [controller_manager]: Unable to lock the memory: 'No proper privileges to lock the memory!'
[INFO] [1783352751.139479304] [controller_manager]: update rate is 1000 Hz
[INFO] [1783352751.139488715] [controller_manager]: Spawning controller_manager RT thread with scheduler priority: 50
[INFO] [1783352751.139673432] [controller_manager]: Successful set up FIFO RT scheduling policy with priority 50.
[INFO] [1783352751.620354442] [controller_manager]: Loading controller 'franka_robot_state_broadcaster'
[INFO] [1783352751.676376116] [controller_manager]: Configuring controller 'franka_robot_state_broadcaster'
[INFO] [1783352751.720290481] [controller_manager]: Loading controller 'joint_state_broadcaster'
[INFO] [1783352751.756699361] [controller_manager]: Configuring controller 'joint_state_broadcaster'
[INFO] [1783352751.756761495] [joint_state_broadcaster]: 'joints' or 'interfaces' parameter is empty. All available state interfaces will be published
[INFO] [1783352751.813322586] [controller_manager]: Loading controller 'panda_arm_controller'
[INFO] [1783352751.928602192] [controller_manager]: Configuring controller 'panda_arm_controller'
[INFO] [1783352751.928785401] [panda_arm_controller]: No specific joint names are used for command interfaces. Using 'joints' parameter.
[WARN] [1783352751.928827869] [panda_arm_controller]: 'ff_velocity_scale' parameters is not defined under 'gains.<joint_name>.' structure. Maybe you are using deprecated format 'ff_velocity_scale/<joint_name>'!
[WARN] [1783352751.929056894] [panda_arm_controller]: 'ff_velocity_scale' parameters is not defined under 'gains.<joint_name>.' structure. Maybe you are using deprecated format 'ff_velocity_scale/<joint_name>'!
[WARN] [1783352751.929124809] [panda_arm_controller]: 'ff_velocity_scale' parameters is not defined under 'gains.<joint_name>.' structure. Maybe you are using deprecated format 'ff_velocity_scale/<joint_name>'!
[WARN] [1783352751.929391803] [panda_arm_controller]: 'ff_velocity_scale' parameters is not defined under 'gains.<joint_name>.' structure. Maybe you are using deprecated format 'ff_velocity_scale/<joint_name>'!
[WARN] [1783352751.929461434] [panda_arm_controller]: 'ff_velocity_scale' parameters is not defined under 'gains.<joint_name>.' structure. Maybe you are using deprecated format 'ff_velocity_scale/<joint_name>'!
[WARN] [1783352751.929720044] [panda_arm_controller]: 'ff_velocity_scale' parameters is not defined under 'gains.<joint_name>.' structure. Maybe you are using deprecated format 'ff_velocity_scale/<joint_name>'!
[WARN] [1783352751.930148308] [panda_arm_controller]: 'ff_velocity_scale' parameters is not defined under 'gains.<joint_name>.' structure. Maybe you are using deprecated format 'ff_velocity_scale/<joint_name>'!
[INFO] [1783352751.930314610] [panda_arm_controller]: Command interfaces are [effort] and state interfac