1783352696.7061143 [INFO] [launch]: All log files can be found below /home/robohub/.ros/log/2026-07-06-11-44-56-705383-labwork4-140
1783352696.7062259 [INFO] [launch]: Default logging verbosity is set to INFO
1783352697.5559428 [INFO] [rviz2-1]: process started with pid [147]
1783352697.5561018 [INFO] [robot_state_publisher-2]: process started with pid [149]
1783352697.5561888 [INFO] [move_group-3]: process started with pid [151]
1783352697.5562582 [INFO] [ros2_control_node-4]: process started with pid [153]
1783352697.5563247 [INFO] [joint_state_publisher-5]: process started with pid [155]
1783352697.5563872 [INFO] [spawner-6]: process started with pid [157]
1783352697.5564468 [INFO] [franka_gripper_node-7]: process started with pid [159]
1783352697.5565059 [INFO] [ros2 run controller_manager spawner panda_arm_controller-8]: process started with pid [161]
1783352697.5565660 [INFO] [ros2 run controller_manager spawner joint_state_broadcaster-9]: process started with pid [165]
1783352697.5837502 [rviz2-1] QStandardPaths: XDG_RUNTIME_DIR not set, defaulting to '/tmp/runtime-robohub'
1783352697.5865600 [robot_state_publisher-2] [INFO] [1783352697.586332415] [robot_state_publisher]: got segment panda_hand
1783352697.5870845 [robot_state_publisher-2] [INFO] [1783352697.586959174] [robot_state_publisher]: got segment panda_hand_tcp
1783352697.5874474 [robot_state_publisher-2] [INFO] [1783352697.587339208] [robot_state_publisher]: got segment panda_leftfinger
1783352697.5878098 [robot_state_publisher-2] [INFO] [1783352697.587699593] [robot_state_publisher]: got segment panda_link0
1783352697.5919824 [robot_state_publisher-2] [INFO] [1783352697.588121509] [robot_state_publisher]: got segment panda_link1
1783352697.5922391 [robot_state_publisher-2] [INFO] [1783352697.588129719] [robot_state_publisher]: got segment panda_link2
1783352697.5923812 [robot_state_publisher-2] [INFO] [1783352697.588134974] [robot_state_publisher]: got segment panda_link3
1783352697.5925169 [robot_state_publisher-2] [INFO] [1783352697.588139757] [robot_state_publisher]: got segment panda_link4
1783352697.5927012 [robot_state_publisher-2] [INFO] [1783352697.588144241] [robot_state_publisher]: got segment panda_link5
1783352697.5927582 [robot_state_publisher-2] [INFO] [1783352697.588148925] [robot_state_publisher]: got segment panda_link6
1783352697.5928049 [robot_state_publisher-2] [INFO] [1783352697.588153485] [robot_state_publisher]: got segment panda_link7
1783352697.5928705 [robot_state_publisher-2] [INFO] [1783352697.588158045] [robot_state_publisher]: got segment panda_link8
1783352697.5929151 [robot_state_publisher-2] [INFO] [1783352697.588162715] [robot_state_publisher]: got segment panda_rightfinger
1783352697.5969408 [franka_gripper_node-7] [INFO] [1783352697.596742292] [panda_gripper]: Trying to establish a connection with the gripper
1783352697.5997977 [franka_gripper_node-7] [INFO] [1783352697.598414198] [panda_gripper]: Connected to gripper
1783352697.7302127 [rviz2-1] libGL error: glx: failed to create dri3 screen
1783352697.7311556 [rviz2-1] libGL error: failed to load driver: nouveau
1783352697.8143673 [rviz2-1] libGL error: glx: failed to create dri3 screen
1783352697.8148749 [rviz2-1] libGL error: failed to load driver: nouveau
1783352697.8805203 [rviz2-1] [INFO] [1783352697.880226191] [rviz2]: Stereo is NOT SUPPORTED
1783352697.8811772 [rviz2-1] [INFO] [1783352697.880375719] [rviz2]: OpenGl version: 4.5 (GLSL 4.5)
1783352697.9185543 [rviz2-1] [INFO] [1783352697.915740752] [rviz2]: Stereo is NOT SUPPORTED
1783352697.9730611 [joint_state_publisher-5] [INFO] [1783352697.972828837] [joint_state_publisher]: Waiting for robot_description to be published on the robot_description topic...
1783352698.0309346 [rviz2-1] Warning: class_loader.impl: SEVERE WARNING!!! A namespace collision has occurred with plugin factory for class rviz_default_plugins::displays::InteractiveMarkerDisplay. New factory will OVERWRITE existing one. This situation occurs when libraries containing plugins are directly linked against an executable (the one running right now generating this message). Please separate plugins out into their own library or just don't link against the library and use either class_loader::ClassLoader/MultiLibraryClassLoader to open.
1783352698.0314798 [rviz2-1]          at line 253 in /opt/ros/humble/include/class_loader/class_loader/class_loader_core.hpp
1783352698.0549357 [rviz2-1] [INFO] [1783352698.054306415] [moveit_rdf_loader.rdf_loader]: Loaded robot model in 0.00575672 seconds
1783352698.0567725 [rviz2-1] [INFO] [1783352698.054670784] [moveit_robot_model.robot_model]: Loading robot model 'panda'...
1783352698.0568664 [rviz2-1] [WARN] [1783352698.055160742] [moveit_robot_model.robot_model]: Link panda_leftfinger has visual geometry but no collision geometry. Collision geometry will be left empty. Fix your URDF file by explicitly specifying collision geometry.
1783352698.0569224 [rviz2-1] [WARN] [1783352698.055219820] [moveit_robot_model.robot_model]: Link panda_rightfinger has visual geometry but no collision geometry. Collision geometry will be left empty. Fix your URDF file by explicitly specifying collision geometry.
1783352698.4144797 [INFO] [spawner-6]: process has finished cleanly [pid 157]
1783352698.4300826 [INFO] [ros2 run controller_manager spawner joint_state_broadcaster-9]: process has finished cleanly [pid 165]
1783352698.4848070 [ERROR] [ros2_control_node-4]: process has died [pid 153, exit code -6, cmd '/opt/ros/humble/lib/controller_manager/ros2_control_node --ros-args --params-file /tmp/launch_params_9qzzz2ad --params-file /home/robohub/ws/install/franka_moveit_config/share/franka_moveit_config/config/panda_ros_controllers.yaml -r joint_states:=franka/joint_states'].
1783352698.4850743 [INFO] [launch]: process[ros2_control_node-4] was required: shutting down launched system
1783352698.4876857 [INFO] [ros2 run controller_manager spawner panda_arm_controller-8]: sending signal 'SIGINT' to process[ros2 run controller_manager spawner panda_arm_controller-8]
1783352698.4884291 [INFO] [franka_gripper_node-7]: sending signal 'SIGINT' to process[franka_gripper_node-7]
1783352698.4892375 [INFO] [joint_state_publisher-5]: sending signal 'SIGINT' to process[joint_state_publisher-5]
1783352698.4900019 [INFO] [move_group-3]: sending signal 'SIGINT' to process[move_group-3]
1783352698.4908478 [INFO] [robot_state_publisher-2]: sending signal 'SIGINT' to process[robot_state_publisher-2]
1783352698.4915786 [INFO] [rviz2-1]: sending signal 'SIGINT' to process[rviz2-1]
1783352698.4918807 [franka_gripper_node-7] [INFO] [1783352698.488530206] [rclcpp]: signal_handler(SIGINT/SIGTERM)
1783352698.4922528 [robot_state_publisher-2] [INFO] [1783352698.491246708] [rclcpp]: signal_handler(SIGINT/SIGTERM)
1783352698.4924219 [rviz2-1] [INFO] [1783352698.491696956] [rclcpp]: signal_handler(SIGINT/SIGTERM)
1783352698.4927611 [rviz2-1] [ERROR] [1783352698.491769185] [moveit_ros_visualization.motion_planning_frame]: Action server: /recognize_objects not available
1783352698.4969504 [rviz2-1] 
1783352698.4970760 [rviz2-1] >>> [rcutils|error_handling.c:108] rcutils_set_error_state()
1783352698.4971397 [rviz2-1] This error state is being overwritten:
1783352698.4971876 [rviz2-1] 
1783352698.4972322 [rviz2-1]   'rcl node's context is invalid, at ./src/rcl/node.c:428'
1783352698.4972980 [rviz2-1] 
1783352698.4973412 [rviz2-1] with this new error message:
1783352698.4973826 [rviz2-1] 
1783352698.4974244 [rviz2-1]   'the given context is not valid, either rcl_init() was not called or rcl_shutdown() was called., at ./src/rcl/guard_condition.c:67'
1783352698.4974661 [rviz2-1] 
1783352698.4975059 [rviz2-1] rcutils_reset_error() should be called after error handling to avoid this.
1783352698.4975462 [rviz2-1] <<<
1783352698.4978256 [rviz2-1] [ERROR] [1783352698.497335957] [rviz2]: Could not load display config: failed to create guard condition: the given context is not valid, either rcl_init() was not called or rcl_shutdown() was called., at ./src/rcl/guard_condition.c:67
1783352698.5230706 [ERROR] [ros2 run controller_manager spawner panda_arm_controller-8]: process has died [pid 161, exit code -2, cmd 'ros2 run controller_manager spawner panda_arm_controller'].
1783352698.5996222 [INFO] [robot_state_publisher-2]: process has finished cleanly [pid 149]
1783352698.6076982 [ERROR] [rviz2-1]: process has died [pid 147, exit code -11, cmd '/opt/ros/humble/lib/rviz2/rviz2 -d /home/robohub/ws/install/franka_moveit_config/share/franka_moveit_config/rviz/moveit.rviz --ros-args -r __node:=rviz2 --params-file /tmp/launch_params_dat4ek5h --params-file /tmp/launch_params_zs10q_2k --params-file /tmp/launch_params_wtbasi3d --params-file /tmp/launch_params_lx522gdg'].
1783352698.6278229 [INFO] [joint_state_publisher-5]: process has finished cleanly [pid 155]
1783352698.6848934 [INFO] [franka_gripper_node-7]: process has finished cleanly [pid 159]
1783352698.7888458 [ERROR] [move_group-3]: process has died [pid 151, exit code -11, cmd '/opt/ros/humble/lib/moveit_ros_move_group/move_group --ros-args --params-file /tmp/launch_params_7ywlg8q2 --params-file /tmp/launch_params_f56clxn1 --params-file /tmp/launch_params_k9y46zxo --params-file /tmp/launch_params_b4adc811 --params-file /tmp/launch_params_03g0icmx --params-file /tmp/launch_params_6i7sez5i --params-file /tmp/launch_params_vusingef'].
